# JRE version: OpenJDK Runtime Environment (11.0.7+10) (build 11.0.7+10)
# Java VM: OpenJDK 64-Bit Server VM (11.0.7+10, mixed mode, tiered, compressed oops, g1 gc, windows-amd64)
Heap:
 garbage-first heap   total 260096K, used 133664K [0x00000000a0000000, 0x0000000100000000)
  region size 1024K, 91 young (93184K), 13 survivors (13312K)
 Metaspace       used 71955K, capacity 73890K, committed 74060K, reserved 1114112K
  class space    used 9375K, capacity 10001K, committed 10060K, reserved 1048576K
GC Heap History (16 events):
Event: 1.231 GC heap before
{Heap before GC invocations=0 (full 0):
 garbage-first heap   total 260096K, used 29696K [0x00000000a0000000, 0x0000000100000000)
  region size 1024K, 24 young (24576K), 0 survivors (0K)
 Metaspace       used 10728K, capacity 10996K, committed 11264K, reserved 1058816K
  class space    used 1128K, capacity 1193K, committed 1280K, reserved 1048576K
}
Event: 1.236 GC heap after
{Heap after GC invocations=1 (full 0):
 garbage-first heap   total 260096K, used 8622K [0x00000000a0000000, 0x0000000100000000)
  region size 1024K, 3 young (3072K), 3 survivors (3072K)
 Metaspace       used 10728K, capacity 10996K, committed 11264K, reserved 1058816K
  class space    used 1128K, capacity 1193K, committed 1280K, reserved 1048576K
}
Event: 6.503 GC heap before
{Heap before GC invocations=1 (full 0):
 garbage-first heap   total 260096K, used 87470K [0x00000000a0000000, 0x0000000100000000)
  region size 1024K, 82 young (83968K), 3 survivors (3072K)
 Metaspace       used 20725K, capacity 21152K, committed 21248K, reserved 1067008K
  class space    used 2605K, capacity 2762K, committed 2816K, reserved 1048576K
}
Event: 6.522 GC heap after
{Heap after GC invocations=2 (full 0):
 garbage-first heap   total 260096K, used 15719K [0x00000000a0000000, 0x0000000100000000)
  region size 1024K, 10 young (10240K), 10 survivors (10240K)
 Metaspace       used 20725K, capacity 21152K, committed 21248K, reserved 1067008K
  class space    used 2605K, capacity 2762K, committed 2816K, reserved 1048576K
}
Event: 9.458 GC heap before
{Heap before GC invocations=3 (full 0):
 garbage-first heap   total 260096K, used 78183K [0x00000000a0000000, 0x0000000100000000)
  region size 1024K, 69 young (70656K), 10 survivors (10240K)
 Metaspace       used 31934K, capacity 32480K, committed 32640K, reserved 1077248K
  class space    used 3933K, capacity 4128K, committed 4224K, reserved 1048576K
}
Event: 9.471 GC heap after
{Heap after GC invocations=4 (full 0):
 garbage-first heap   total 260096K, used 20470K [0x00000000a0000000, 0x0000000100000000)
  region size 1024K, 5 young (5120K), 5 survivors (5120K)
 Metaspace       used 31934K, capacity 32480K, committed 32640K, reserved 1077248K
  class space    used 3933K, capacity 4128K, committed 4224K, reserved 1048576K
}
Event: 10.453 GC heap before
{Heap before GC invocations=4 (full 0):
 garbage-first heap   total 260096K, used 48118K [0x00000000a0000000, 0x0000000100000000)
  region size 1024K, 34 young (34816K), 5 survivors (5120K)
 Metaspace       used 35216K, capacity 35785K, committed 35840K, reserved 1081344K
  class space    used 4377K, capacity 4585K, committed 4608K, reserved 1048576K
}
Event: 10.464 GC heap after
{Heap after GC invocations=5 (full 0):
 garbage-first heap   total 260096K, used 21857K [0x00000000a0000000, 0x0000000100000000)
  region size 1024K, 7 young (7168K), 7 survivors (7168K)
 Metaspace       used 35216K, capacity 35785K, committed 35840K, reserved 1081344K
  class space    used 4377K, capacity 4585K, committed 4608K, reserved 1048576K
}
Event: 12.865 GC heap before
{Heap before GC invocations=6 (full 0):
 garbage-first heap   total 260096K, used 109921K [0x00000000a0000000, 0x0000000100000000)
  region size 1024K, 90 young (92160K), 7 survivors (7168K)
 Metaspace       used 40978K, capacity 41792K, committed 41932K, reserved 1085440K
  class space    used 5229K, capacity 5475K, committed 5580K, reserved 1048576K
}
Event: 12.876 GC heap after
{Heap after GC invocations=7 (full 0):
 garbage-first heap   total 260096K, used 30697K [0x00000000a0000000, 0x0000000100000000)
  region size 1024K, 12 young (12288K), 12 survivors (12288K)
 Metaspace       used 40978K, capacity 41792K, committed 41932K, reserved 1085440K
  class space    used 5229K, capacity 5475K, committed 5580K, reserved 1048576K
}
Event: 16.558 GC heap before
{Heap before GC invocations=7 (full 0):
 garbage-first heap   total 260096K, used 150505K [0x00000000a0000000, 0x0000000100000000)
  region size 1024K, 127 young (130048K), 12 survivors (12288K)
 Metaspace       used 54161K, capacity 55233K, committed 55500K, reserved 1097728K
  class space    used 6794K, capacity 7094K, committed 7116K, reserved 1048576K
}
Event: 16.574 GC heap after
{Heap after GC invocations=8 (full 0):
 garbage-first heap   total 260096K, used 41932K [0x00000000a0000000, 0x0000000100000000)
  region size 1024K, 16 young (16384K), 16 survivors (16384K)
 Metaspace       used 54161K, capacity 55233K, committed 55500K, reserved 1097728K
  class space    used 6794K, capacity 7094K, committed 7116K, reserved 1048576K
}
Event: 18.193 GC heap before
{Heap before GC invocations=8 (full 0):
 garbage-first heap   total 260096K, used 107468K [0x00000000a0000000, 0x0000000100000000)
  region size 1024K, 81 young (82944K), 16 survivors (16384K)
 Metaspace       used 58788K, capacity 60174K, committed 60236K, reserved 1101824K
  class space    used 7472K, capacity 7982K, committed 8012K, reserved 1048576K
}
Event: 18.244 GC heap after
{Heap after GC invocations=9 (full 0):
 garbage-first heap   total 260096K, used 48277K [0x00000000a0000000, 0x0000000100000000)
  region size 1024K, 6 young (6144K), 6 survivors (6144K)
 Metaspace       used 58788K, capacity 60174K, committed 60236K, reserved 1101824K
  class space    used 7472K, capacity 7982K, committed 8012K, reserved 1048576K
}
Event: 20.569 GC heap before
{Heap before GC invocations=10 (full 0):
 garbage-first heap   total 260096K, used 152725K [0x00000000a0000000, 0x0000000100000000)
  region size 1024K, 108 young (110592K), 6 survivors (6144K)
 Metaspace       used 66075K, capacity 67791K, committed 68044K, reserved 1107968K
  class space    used 8513K, capacity 9103K, committed 9164K, reserved 1048576K
}
Event: 20.579 GC heap after
{Heap after GC invocations=11 (full 0):
 garbage-first heap   total 260096K, used 55840K [0x00000000a0000000, 0x0000000100000000)
  region size 1024K, 13 young (13312K), 13 survivors (13312K)
 Metaspace       used 66075K, capacity 67791K, committed 68044K, reserved 1107968K
  class space    used 8513K, capacity 9103K, committed 9164K, reserved 1048576K
}

